2023-03-16 13:03:55
Full thread dump Java HotSpot(TM) 64-Bit Server VM (11.0.16.1+1-LTS-1 mixed mode):

Threads class SMR info:
_java_thread_list=0x0000600001ed20e0, length=13, elements={
0x000000015600e000, 0x0000000155813800, 0x000000015580b000, 0x000000015582b000,
0x000000015580c000, 0x000000015582e000, 0x000000015582f000, 0x000000014500c800,
0x0000000155046800, 0x0000000155880000, 0x0000000155880800, 0x000000012a040800,
0x000000012a066800
}

"main" #1 prio=5 os_prio=31 cpu=12738.75ms elapsed=58.49s tid=0x000000015600e000 nid=0x1303 runnable  [0x000000016bdf5000]
   java.lang.Thread.State: RUNNABLE
	at com.thread.Assignment.ThreadTest.calculate(ThreadTest.java:60)
	at com.thread.Assignment.ThreadTest.showVal(ThreadTest.java:30)
	at jdk.internal.reflect.NativeMethodAccessorImpl.invoke0(java.base@11.0.16.1/Native Method)
	at jdk.internal.reflect.NativeMethodAccessorImpl.invoke(java.base@11.0.16.1/NativeMethodAccessorImpl.java:62)
	at jdk.internal.reflect.DelegatingMethodAccessorImpl.invoke(java.base@11.0.16.1/DelegatingMethodAccessorImpl.java:43)
	at java.lang.reflect.Method.invoke(java.base@11.0.16.1/Method.java:566)
	at org.junit.runners.model.FrameworkMethod$1.runReflectiveCall(FrameworkMethod.java:50)
	at org.junit.internal.runners.model.ReflectiveCallable.run(ReflectiveCallable.java:12)
	at org.junit.runners.model.FrameworkMethod.invokeExplosively(FrameworkMethod.java:47)
	at org.junit.internal.runners.statements.InvokeMethod.evaluate(InvokeMethod.java:17)
	at org.junit.runners.ParentRunner.runLeaf(ParentRunner.java:325)
	at org.junit.runners.BlockJUnit4ClassRunner.runChild(BlockJUnit4ClassRunner.java:78)
	at org.junit.runners.BlockJUnit4ClassRunner.runChild(BlockJUnit4ClassRunner.java:57)
	at org.junit.runners.ParentRunner$3.run(ParentRunner.java:290)
	at org.junit.runners.ParentRunner$1.schedule(ParentRunner.java:71)
	at org.junit.runners.ParentRunner.runChildren(ParentRunner.java:288)
	at org.junit.runners.ParentRunner.access$000(ParentRunner.java:58)
	at org.junit.runners.ParentRunner$2.evaluate(ParentRunner.java:268)
	at org.junit.runners.ParentRunner.run(ParentRunner.java:363)
	at org.junit.runner.JUnitCore.run(JUnitCore.java:137)
	at com.intellij.junit4.JUnit4IdeaTestRunner.startRunnerWithArgs(JUnit4IdeaTestRunner.java:69)
	at com.intellij.rt.junit.IdeaTestRunner$Repeater$1.execute(IdeaTestRunner.java:38)
	at com.intellij.rt.execution.junit.TestsRepeater.repeat(TestsRepeater.java:11)
	at com.intellij.rt.junit.IdeaTestRunner$Repeater.startRunnerWithArgs(IdeaTestRunner.java:35)
	at com.intellij.rt.junit.JUnitStarter.prepareStreamsAndStart(JUnitStarter.java:235)
	at com.intellij.rt.junit.JUnitStarter.main(JUnitStarter.java:54)

   Locked ownable synchronizers:
	- None

"Reference Handler" #2 daemon prio=10 os_prio=31 cpu=0.16ms elapsed=58.48s tid=0x0000000155813800 nid=0x4103 waiting on condition  [0x000000016cc4a000]
   java.lang.Thread.State: RUNNABLE
	at java.lang.ref.Reference.waitForReferencePendingList(java.base@11.0.16.1/Native Method)
	at java.lang.ref.Reference.processPendingReferences(java.base@11.0.16.1/Reference.java:241)
	at java.lang.ref.Reference$ReferenceHandler.run(java.base@11.0.16.1/Reference.java:213)

   Locked ownable synchronizers:
	- None

"Finalizer" #3 daemon prio=8 os_prio=31 cpu=0.11ms elapsed=58.48s tid=0x000000015580b000 nid=0x5103 in Object.wait()  [0x000000016ce56000]
   java.lang.Thread.State: WAITING (on object monitor)
	at java.lang.Object.wait(java.base@11.0.16.1/Native Method)
	- waiting on <0x00000006c0001b28> (a java.lang.ref.ReferenceQueue$Lock)
	at java.lang.ref.ReferenceQueue.remove(java.base@11.0.16.1/ReferenceQueue.java:155)
	- waiting to re-lock in wait() <0x00000006c0001b28> (a java.lang.ref.ReferenceQueue$Lock)
	at java.lang.ref.ReferenceQueue.remove(java.base@11.0.16.1/ReferenceQueue.java:176)
	at java.lang.ref.Finalizer$FinalizerThread.run(java.base@11.0.16.1/Finalizer.java:170)

   Locked ownable synchronizers:
	- None

"Signal Dispatcher" #4 daemon prio=9 os_prio=31 cpu=0.23ms elapsed=58.47s tid=0x000000015582b000 nid=0x4803 runnable  [0x0000000000000000]
   java.lang.Thread.State: RUNNABLE

   Locked ownable synchronizers:
	- None

"Service Thread" #5 daemon prio=9 os_prio=31 cpu=0.01ms elapsed=58.47s tid=0x000000015580c000 nid=0x5703 runnable  [0x0000000000000000]
   java.lang.Thread.State: RUNNABLE

   Locked ownable synchronizers:
	- None

"C2 CompilerThread0" #6 daemon prio=9 os_prio=31 cpu=126.72ms elapsed=58.47s tid=0x000000015582e000 nid=0x5903 waiting on condition  [0x0000000000000000]
   java.lang.Thread.State: RUNNABLE
   No compile task

   Locked ownable synchronizers:
	- None

"C1 CompilerThread0" #9 daemon prio=9 os_prio=31 cpu=126.51ms elapsed=58.47s tid=0x000000015582f000 nid=0x5b03 waiting on condition  [0x0000000000000000]
   java.lang.Thread.State: RUNNABLE
   No compile task

   Locked ownable synchronizers:
	- None

"Sweeper thread" #10 daemon prio=9 os_prio=31 cpu=0.03ms elapsed=58.47s tid=0x000000014500c800 nid=0x7b03 runnable  [0x0000000000000000]
   java.lang.Thread.State: RUNNABLE

   Locked ownable synchronizers:
	- None

"Common-Cleaner" #11 daemon prio=8 os_prio=31 cpu=0.22ms elapsed=58.45s tid=0x0000000155046800 nid=0x7a03 in Object.wait()  [0x000000016dbb6000]
   java.lang.Thread.State: TIMED_WAITING (on object monitor)
	at java.lang.Object.wait(java.base@11.0.16.1/Native Method)
	- waiting on <0x00000006c0002300> (a java.lang.ref.ReferenceQueue$Lock)
	at java.lang.ref.ReferenceQueue.remove(java.base@11.0.16.1/ReferenceQueue.java:155)
	- waiting to re-lock in wait() <0x00000006c0002300> (a java.lang.ref.ReferenceQueue$Lock)
	at jdk.internal.ref.CleanerImpl.run(java.base@11.0.16.1/CleanerImpl.java:148)
	at java.lang.Thread.run(java.base@11.0.16.1/Thread.java:834)
	at jdk.internal.misc.InnocuousThread.run(java.base@11.0.16.1/InnocuousThread.java:134)

   Locked ownable synchronizers:
	- None

"JDWP Transport Listener: dt_socket" #12 daemon prio=10 os_prio=31 cpu=1.70ms elapsed=58.42s tid=0x0000000155880000 nid=0x5f03 runnable  [0x0000000000000000]
   java.lang.Thread.State: RUNNABLE

   Locked ownable synchronizers:
	- None

"JDWP Event Helper Thread" #13 daemon prio=10 os_prio=31 cpu=17.14ms elapsed=58.42s tid=0x0000000155880800 nid=0x6103 runnable  [0x0000000000000000]
   java.lang.Thread.State: RUNNABLE

   Locked ownable synchronizers:
	- None

"JDWP Command Reader" #14 daemon prio=10 os_prio=31 cpu=0.81ms elapsed=58.42s tid=0x000000012a040800 nid=0x7603 runnable  [0x0000000000000000]
   java.lang.Thread.State: RUNNABLE

   Locked ownable synchronizers:
	- None

"Attach Listener" #55 daemon prio=9 os_prio=31 cpu=0.43ms elapsed=0.13s tid=0x000000012a066800 nid=0x6f17 waiting on condition  [0x0000000000000000]
   java.lang.Thread.State: RUNNABLE

   Locked ownable synchronizers:
	- None

"VM Thread" os_prio=31 cpu=102.08ms elapsed=58.48s tid=0x000000015614b800 nid=0x4003 runnable  

"GC Thread#0" os_prio=31 cpu=117.53ms elapsed=58.48s tid=0x0000000156012800 nid=0x2e03 runnable  

"GC Thread#1" os_prio=31 cpu=110.61ms elapsed=31.08s tid=0x000000015506a000 nid=0x8013 runnable  

"GC Thread#2" os_prio=31 cpu=112.77ms elapsed=31.08s tid=0x000000014500d800 nid=0x7213 runnable  

"GC Thread#3" os_prio=31 cpu=119.82ms elapsed=31.08s tid=0x0000000145033800 nid=0xa707 runnable  

"GC Thread#4" os_prio=31 cpu=109.33ms elapsed=31.08s tid=0x000000015506a800 nid=0x730f runnable  

"GC Thread#5" os_prio=31 cpu=108.48ms elapsed=31.08s tid=0x000000012a8fc000 nid=0x740f runnable  

"GC Thread#6" os_prio=31 cpu=117.01ms elapsed=31.08s tid=0x00000001562a0800 nid=0x710f runnable  

"GC Thread#7" os_prio=31 cpu=105.54ms elapsed=31.08s tid=0x00000001562a1800 nid=0x840f runnable  

"G1 Main Marker" os_prio=31 cpu=0.09ms elapsed=58.48s tid=0x0000000156052800 nid=0x3003 runnable  

"G1 Conc#0" os_prio=31 cpu=0.01ms elapsed=58.48s tid=0x0000000156053800 nid=0x3a03 runnable  

"G1 Refine#0" os_prio=31 cpu=0.05ms elapsed=58.48s tid=0x00000001560f4000 nid=0x3803 runnable  

"G1 Young RemSet Sampling" os_prio=31 cpu=10.12ms elapsed=58.48s tid=0x00000001560f5000 nid=0x3203 runnable  
"VM Periodic Task Thread" os_prio=31 cpu=34.04ms elapsed=58.22s tid=0x000000012a043800 nid=0x6303 waiting on condition  

JNI global refs: 35, weak refs: 1470

